<?xml version="1.0" encoding="UTF-8"?>
<testsuite name="TestUsageVecteur" tests="7" skipped="0" failures="0" errors="0" timestamp="2023-03-01T10:29:08" hostname="U-INF-J-E114-27" time="0.042">
  <properties/>
  <testcase name="[1] 10, 10, 20, 30, 10, 20" classname="TestUsageVecteur" time="0.031"/>
  <testcase name="[2] 20, 30, 10, 10, -10, -20" classname="TestUsageVecteur" time="0.001"/>
  <testcase name="[3] 20, 30, -10, -10, -30, -40" classname="TestUsageVecteur" time="0.001"/>
  <testcase name="[4] 0, 0, 20, 30, 20, 30" classname="TestUsageVecteur" time="0.0"/>
  <testcase name="[5] 0, 0, -20, -30, -20, -30" classname="TestUsageVecteur" time="0.001"/>
  <testcase name="[1] 20, 30, 20, 30" classname="TestUsageVecteur" time="0.001"/>
  <testcase name="[2] -20, -30, -20, -30" classname="TestUsageVecteur" time="0.001"/>
  <system-out><![CDATA[]]></system-out>
  <system-err><![CDATA[]]></system-err>
</testsuite>
